# JRE version: Java(TM) SE Runtime Environment (8.0_25-b17) (build 1.8.0_25-b17)
# Java VM: Java HotSpot(TM) 64-Bit Server VM (25.25-b02 mixed mode linux-amd64 compressed oops)
Heap:
 PSYoungGen      total 929792K, used 635330K [0x000000076cd80000, 0x00000007c0000000, 0x00000007c0000000)
  eden space 583680K, 58% used [0x000000076cd80000,0x00000007819cce78,0x0000000790780000)
  from space 346112K, 85% used [0x0000000790780000,0x00000007a27a3c20,0x00000007a5980000)
  to   space 383488K, 0% used [0x00000007a8980000,0x00000007a8980000,0x00000007c0000000)
 ParOldGen       total 2001920K, used 1879543K [0x00000006c6800000, 0x0000000740b00000, 0x000000076cd80000)
  object space 2001920K, 93% used [0x00000006c6800000,0x000000073937dc98,0x0000000740b00000)
 Metaspace       used 4372K, capacity 4854K, committed 4864K, reserved 1056768K
  class space    used 463K, capacity 505K, committed 512K, reserved 1048576K
GC Heap History (10 events):
Event: 43.662 GC heap before
{Heap before GC invocations=16 (full 3):
 PSYoungGen      total 732160K, used 44677K [0x000000076cd80000, 0x00000007b3980000, 0x00000007c0000000)
  eden space 412160K, 0% used [0x000000076cd80000,0x000000076cd80000,0x0000000786000000)
  from space 320000K, 13% used [0x0000000786000000,0x0000000788ba1468,0x0000000799880000)
  to   space 312832K, 0% used [0x00000007a0800000,0x00000007a0800000,0x00000007b3980000)
 ParOldGen       total 758784K, used 757467K [0x00000006c6800000, 0x00000006f4d00000, 0x000000076cd80000)
  object space 758784K, 99% used [0x00000006c6800000,0x00000006f4bb6cc8,0x00000006f4d00000)
 Metaspace       used 4368K, capacity 4854K, committed 4864K, reserved 1056768K
  class space    used 463K, capacity 505K, committed 512K, reserved 1048576K
Event: 45.567 GC heap after
Heap after GC invocations=16 (full 3):
 PSYoungGen      total 732160K, used 0K [0x000000076cd80000, 0x00000007b3980000, 0x00000007c0000000)
  eden space 412160K, 0% used [0x000000076cd80000,0x000000076cd80000,0x0000000786000000)
  from space 320000K, 0% used [0x0000000786000000,0x0000000786000000,0x0000000799880000)
  to   space 312832K, 0% used [0x00000007a0800000,0x00000007a0800000,0x00000007b3980000)
 ParOldGen       total 1116160K, used 699715K [0x00000006c6800000, 0x000000070aa00000, 0x000000076cd80000)
  object space 1116160K, 62% used [0x00000006c6800000,0x00000006f1350ea8,0x000000070aa00000)
 Metaspace       used 4368K, capacity 4854K, committed 4864K, reserved 1056768K
  class space    used 463K, capacity 505K, committed 512K, reserved 1048576K
}
Event: 45.928 GC heap before
{Heap before GC invocations=17 (full 3):
 PSYoungGen      total 732160K, used 328053K [0x000000076cd80000, 0x00000007b3980000, 0x00000007c0000000)
  eden space 412160K, 79% used [0x000000076cd80000,0x0000000780ddd578,0x0000000786000000)
  from space 320000K, 0% used [0x0000000786000000,0x0000000786000000,0x0000000799880000)
  to   space 312832K, 0% used [0x00000007a0800000,0x00000007a0800000,0x00000007b3980000)
 ParOldGen       total 1116160K, used 699715K [0x00000006c6800000, 0x000000070aa00000, 0x000000076cd80000)
  object space 1116160K, 62% used [0x00000006c6800000,0x00000006f1350ea8,0x000000070aa00000)
 Metaspace       used 4368K, capacity 4854K, committed 4864K, reserved 1056768K
  class space    used 463K, capacity 505K, committed 512K, reserved 1048576K
Event: 45.944 GC heap after
Heap after GC invocations=17 (full 3):
 PSYoungGen      total 792064K, used 148243K [0x000000076cd80000, 0x00000007b1880000, 0x00000007c0000000)
  eden space 513024K, 0% used [0x000000076cd80000,0x000000076cd80000,0x000000078c280000)
  from space 279040K, 53% used [0x00000007a0800000,0x00000007a98c4e88,0x00000007b1880000)
  to   space 306176K, 0% used [0x000000078c280000,0x000000078c280000,0x000000079ed80000)
 ParOldGen       total 1116160K, used 699715K [0x00000006c6800000, 0x000000070aa00000, 0x000000076cd80000)
  object space 1116160K, 62% used [0x00000006c6800000,0x00000006f1350ea8,0x000000070aa00000)
 Metaspace       used 4368K, capacity 4854K, committed 4864K, reserved 1056768K
  class space    used 463K, capacity 505K, committed 512K, reserved 1048576K
}
Event: 46.474 GC heap before
{Heap before GC invocations=18 (full 3):
 PSYoungGen      total 792064K, used 661267K [0x000000076cd80000, 0x00000007b1880000, 0x00000007c0000000)
  eden space 513024K, 100% used [0x000000076cd80000,0x000000078c280000,0x000000078c280000)
  from space 279040K, 53% used [0x00000007a0800000,0x00000007a98c4e88,0x00000007b1880000)
  to   space 306176K, 0% used [0x000000078c280000,0x000000078c280000,0x000000079ed80000)
 ParOldGen       total 1116160K, used 699715K [0x00000006c6800000, 0x000000070aa00000, 0x000000076cd80000)
  object space 1116160K, 62% used [0x00000006c6800000,0x00000006f1350ea8,0x000000070aa00000)
 Metaspace       used 4370K, capacity 4854K, committed 4864K, reserved 1056768K
  class space    used 463K, capacity 505K, committed 512K, reserved 1048576K
Event: 46.496 GC heap after
Heap after GC invocations=18 (full 3):
 PSYoungGen      total 819200K, used 147859K [0x000000076cd80000, 0x00000007b7d00000, 0x00000007c0000000)
  eden space 513024K, 0% used [0x000000076cd80000,0x000000076cd80000,0x000000078c280000)
  from space 306176K, 48% used [0x000000078c280000,0x00000007952e4e20,0x000000079ed80000)
  to   space 298496K, 0% used [0x00000007a5980000,0x00000007a5980000,0x00000007b7d00000)
 ParOldGen       total 1116160K, used 699715K [0x00000006c6800000, 0x000000070aa00000, 0x000000076cd80000)
  object space 1116160K, 62% used [0x00000006c6800000,0x00000006f1350ea8,0x000000070aa00000)
 Metaspace       used 4370K, capacity 4854K, committed 4864K, reserved 1056768K
  class space    used 463K, capacity 505K, committed 512K, reserved 1048576K
}
Event: 46.831 GC heap before
{Heap before GC invocations=19 (full 3):
 PSYoungGen      total 819200K, used 660883K [0x000000076cd80000, 0x00000007b7d00000, 0x00000007c0000000)
  eden space 513024K, 100% used [0x000000076cd80000,0x000000078c280000,0x000000078c280000)
  from space 306176K, 48% used [0x000000078c280000,0x00000007952e4e20,0x000000079ed80000)
  to   space 298496K, 0% used [0x00000007a5980000,0x00000007a5980000,0x00000007b7d00000)
 ParOldGen       total 1116160K, used 699715K [0x00000006c6800000, 0x000000070aa00000, 0x000000076cd80000)
  object space 1116160K, 62% used [0x00000006c6800000,0x00000006f1350ea8,0x000000070aa00000)
 Metaspace       used 4370K, capacity 4854K, committed 4864K, reserved 1056768K
  class space    used 463K, capacity 505K, committed 512K, reserved 1048576K
Event: 47.139 GC heap after
Heap after GC invocations=19 (full 3):
 PSYoungGen      total 882176K, used 296231K [0x000000076cd80000, 0x00000007c0000000, 0x00000007c0000000)
  eden space 583680K, 0% used [0x000000076cd80000,0x000000076cd80000,0x0000000790780000)
  from space 298496K, 99% used [0x00000007a5980000,0x00000007b7ac9c20,0x00000007b7d00000)
  to   space 346112K, 0% used [0x0000000790780000,0x0000000790780000,0x00000007a5980000)
 ParOldGen       total 1116160K, used 699715K [0x00000006c6800000, 0x000000070aa00000, 0x000000076cd80000)
  object space 1116160K, 62% used [0x00000006c6800000,0x00000006f1350ea8,0x000000070aa00000)
 Metaspace       used 4370K, capacity 4854K, committed 4864K, reserved 1056768K
  class space    used 463K, capacity 505K, committed 512K, reserved 1048576K
}
Event: 47.949 GC heap before
{Heap before GC invocations=20 (full 3):
 PSYoungGen      total 882176K, used 879911K [0x000000076cd80000, 0x00000007c0000000, 0x00000007c0000000)
  eden space 583680K, 100% used [0x000000076cd80000,0x0000000790780000,0x0000000790780000)
  from space 298496K, 99% used [0x00000007a5980000,0x00000007b7ac9c20,0x00000007b7d00000)
  to   space 346112K, 0% used [0x0000000790780000,0x0000000790780000,0x00000007a5980000)
 ParOldGen       total 1116160K, used 699715K [0x00000006c6800000, 0x000000070aa00000, 0x000000076cd80000)
  object space 1116160K, 62% used [0x00000006c6800000,0x00000006f1350ea8,0x000000070aa00000)
 Metaspace       used 4370K, capacity 4854K, committed 4864K, reserved 1056768K
  class space    used 463K, capacity 505K, committed 512K, reserved 1048576K
Event: 47.988 GC heap after
Heap after GC invocations=20 (full 3):
 PSYoungGen      total 929792K, used 295055K [0x000000076cd80000, 0x00000007c0000000, 0x00000007c0000000)
  eden space 583680K, 0% used [0x000000076cd80000,0x000000076cd80000,0x0000000790780000)
  from space 346112K, 85% used [0x0000000790780000,0x00000007a27a3c20,0x00000007a5980000)
  to   space 383488K, 0% used [0x00000007a8980000,0x00000007a8980000,0x00000007c0000000)
 ParOldGen       total 1116160K, used 699723K [0x00000006c6800000, 0x000000070aa00000, 0x000000076cd80000)
  object space 1116160K, 62% used [0x00000006c6800000,0x00000006f1352ea8,0x000000070aa00000)
 Metaspace       used 4370K, capacity 4854K, committed 4864K, reserved 1056768K
  class space    used 463K, capacity 505K, committed 512K, reserved 1048576K
}

