# JRE version: Java(TM) SE Runtime Environment (8.0_25-b17) (build 1.8.0_25-b17)
# Java VM: Java HotSpot(TM) 64-Bit Server VM (25.25-b02 mixed mode linux-amd64 compressed oops)
Heap:
 PSYoungGen      total 1155072K, used 211311K [0x000000076cd80000, 0x00000007c0000000, 0x00000007c0000000)
  eden space 1063424K, 11% used [0x000000076cd80000,0x00000007742634e8,0x00000007adc00000)
  from space 91648K, 99% used [0x00000007b9200000,0x00000007beb78898,0x00000007beb80000)
  to   space 149504K, 0% used [0x00000007adc00000,0x00000007adc00000,0x00000007b6e00000)
 ParOldGen       total 591360K, used 369888K [0x00000006c6800000, 0x00000006ea980000, 0x000000076cd80000)
  object space 591360K, 62% used [0x00000006c6800000,0x00000006dd1381f0,0x00000006ea980000)
 Metaspace       used 4580K, capacity 4880K, committed 4992K, reserved 1056768K
  class space    used 497K, capacity 536K, committed 640K, reserved 1048576K
GC Heap History (10 events):
Event: 22.107 GC heap before
{Heap before GC invocations=12 (full 1):
 PSYoungGen      total 868864K, used 65921K [0x000000076cd80000, 0x00000007c0000000, 0x00000007c0000000)
  eden space 790016K, 0% used [0x000000076cd80000,0x000000076cd80000,0x000000079d100000)
  from space 78848K, 83% used [0x000000079d100000,0x00000007a11604a0,0x00000007a1e00000)
  to   space 86528K, 0% used [0x00000007bab80000,0x00000007bab80000,0x00000007c0000000)
 ParOldGen       total 171008K, used 165950K [0x00000006c6800000, 0x00000006d0f00000, 0x000000076cd80000)
  object space 171008K, 97% used [0x00000006c6800000,0x00000006d0a0fbf0,0x00000006d0f00000)
 Metaspace       used 4090K, capacity 4804K, committed 4864K, reserved 1056768K
  class space    used 429K, capacity 470K, committed 512K, reserved 1048576K
Event: 23.497 GC heap after
Heap after GC invocations=12 (full 1):
 PSYoungGen      total 868864K, used 59531K [0x000000076cd80000, 0x00000007c0000000, 0x00000007c0000000)
  eden space 790016K, 0% used [0x000000076cd80000,0x000000076cd80000,0x000000079d100000)
  from space 78848K, 75% used [0x000000079d100000,0x00000007a0b22cd0,0x00000007a1e00000)
  to   space 86528K, 0% used [0x00000007bab80000,0x00000007bab80000,0x00000007c0000000)
 ParOldGen       total 328704K, used 170618K [0x00000006c6800000, 0x00000006da900000, 0x000000076cd80000)
  object space 328704K, 51% used [0x00000006c6800000,0x00000006d0e9e880,0x00000006da900000)
 Metaspace       used 4090K, capacity 4804K, committed 4864K, reserved 1056768K
  class space    used 429K, capacity 470K, committed 512K, reserved 1048576K
}
Event: 27.461 GC heap before
{Heap before GC invocations=13 (full 1):
 PSYoungGen      total 868864K, used 849547K [0x000000076cd80000, 0x00000007c0000000, 0x00000007c0000000)
  eden space 790016K, 100% used [0x000000076cd80000,0x000000079d100000,0x000000079d100000)
  from space 78848K, 75% used [0x000000079d100000,0x00000007a0b22cd0,0x00000007a1e00000)
  to   space 86528K, 0% used [0x00000007bab80000,0x00000007bab80000,0x00000007c0000000)
 ParOldGen       total 328704K, used 170618K [0x00000006c6800000, 0x00000006da900000, 0x000000076cd80000)
  object space 328704K, 51% used [0x00000006c6800000,0x00000006d0e9e880,0x00000006da900000)
 Metaspace       used 4093K, capacity 4804K, committed 4864K, reserved 1056768K
  class space    used 429K, capacity 470K, committed 512K, reserved 1048576K
Event: 27.567 GC heap after
Heap after GC invocations=13 (full 1):
 PSYoungGen      total 993280K, used 66977K [0x000000076cd80000, 0x00000007bed00000, 0x00000007c0000000)
  eden space 926208K, 0% used [0x000000076cd80000,0x000000076cd80000,0x00000007a5600000)
  from space 67072K, 99% used [0x00000007bab80000,0x00000007bece8610,0x00000007bed00000)
  to   space 93184K, 0% used [0x00000007b3700000,0x00000007b3700000,0x00000007b9200000)
 ParOldGen       total 328704K, used 230379K [0x00000006c6800000, 0x00000006da900000, 0x000000076cd80000)
  object space 328704K, 70% used [0x00000006c6800000,0x00000006d48fac90,0x00000006da900000)
 Metaspace       used 4093K, capacity 4804K, committed 4864K, reserved 1056768K
  class space    used 429K, capacity 470K, committed 512K, reserved 1048576K
}
Event: 32.181 GC heap before
{Heap before GC invocations=14 (full 1):
 PSYoungGen      total 993280K, used 993185K [0x000000076cd80000, 0x00000007bed00000, 0x00000007c0000000)
  eden space 926208K, 100% used [0x000000076cd80000,0x00000007a5600000,0x00000007a5600000)
  from space 67072K, 99% used [0x00000007bab80000,0x00000007bece8610,0x00000007bed00000)
  to   space 93184K, 0% used [0x00000007b3700000,0x00000007b3700000,0x00000007b9200000)
 ParOldGen       total 328704K, used 230379K [0x00000006c6800000, 0x00000006da900000, 0x000000076cd80000)
  object space 328704K, 70% used [0x00000006c6800000,0x00000006d48fac90,0x00000006da900000)
 Metaspace       used 4096K, capacity 4804K, committed 4864K, reserved 1056768K
  class space    used 429K, capacity 470K, committed 512K, reserved 1048576K
Event: 32.308 GC heap after
Heap after GC invocations=14 (full 1):
 PSYoungGen      total 1182720K, used 93154K [0x000000076cd80000, 0x00000007beb80000, 0x00000007c0000000)
  eden space 1089536K, 0% used [0x000000076cd80000,0x000000076cd80000,0x00000007af580000)
  from space 93184K, 99% used [0x00000007b3700000,0x00000007b91f8840,0x00000007b9200000)
  to   space 91648K, 0% used [0x00000007b9200000,0x00000007b9200000,0x00000007beb80000)
 ParOldGen       total 328704K, used 279891K [0x00000006c6800000, 0x00000006da900000, 0x000000076cd80000)
  object space 328704K, 85% used [0x00000006c6800000,0x00000006d7954fb0,0x00000006da900000)
 Metaspace       used 4096K, capacity 4804K, committed 4864K, reserved 1056768K
  class space    used 429K, capacity 470K, committed 512K, reserved 1048576K
}
Event: 32.308 GC heap before
{Heap before GC invocations=15 (full 2):
 PSYoungGen      total 1182720K, used 93154K [0x000000076cd80000, 0x00000007beb80000, 0x00000007c0000000)
  eden space 1089536K, 0% used [0x000000076cd80000,0x000000076cd80000,0x00000007af580000)
  from space 93184K, 99% used [0x00000007b3700000,0x00000007b91f8840,0x00000007b9200000)
  to   space 91648K, 0% used [0x00000007b9200000,0x00000007b9200000,0x00000007beb80000)
 ParOldGen       total 328704K, used 279891K [0x00000006c6800000, 0x00000006da900000, 0x000000076cd80000)
  object space 328704K, 85% used [0x00000006c6800000,0x00000006d7954fb0,0x00000006da900000)
 Metaspace       used 4096K, capacity 4804K, committed 4864K, reserved 1056768K
  class space    used 429K, capacity 470K, committed 512K, reserved 1048576K
Event: 33.346 GC heap after
Heap after GC invocations=15 (full 2):
 PSYoungGen      total 1182720K, used 41407K [0x000000076cd80000, 0x00000007beb80000, 0x00000007c0000000)
  eden space 1089536K, 0% used [0x000000076cd80000,0x000000076cd80000,0x00000007af580000)
  from space 93184K, 44% used [0x00000007b3700000,0x00000007b5f6fe30,0x00000007b9200000)
  to   space 91648K, 0% used [0x00000007b9200000,0x00000007b9200000,0x00000007beb80000)
 ParOldGen       total 591360K, used 328239K [0x00000006c6800000, 0x00000006ea980000, 0x000000076cd80000)
  object space 591360K, 55% used [0x00000006c6800000,0x00000006da88bef0,0x00000006ea980000)
 Metaspace       used 4096K, capacity 4804K, committed 4864K, reserved 1056768K
  class space    used 429K, capacity 470K, committed 512K, reserved 1048576K
}
Event: 38.745 GC heap before
{Heap before GC invocations=16 (full 2):
 PSYoungGen      total 1182720K, used 1130943K [0x000000076cd80000, 0x00000007beb80000, 0x00000007c0000000)
  eden space 1089536K, 100% used [0x000000076cd80000,0x00000007af580000,0x00000007af580000)
  from space 93184K, 44% used [0x00000007b3700000,0x00000007b5f6fe30,0x00000007b9200000)
  to   space 91648K, 0% used [0x00000007b9200000,0x00000007b9200000,0x00000007beb80000)
 ParOldGen       total 591360K, used 328239K [0x00000006c6800000, 0x00000006ea980000, 0x000000076cd80000)
  object space 591360K, 55% used [0x00000006c6800000,0x00000006da88bef0,0x00000006ea980000)
 Metaspace       used 4096K, capacity 4804K, committed 4864K, reserved 1056768K
  class space    used 429K, capacity 470K, committed 512K, reserved 1048576K
Event: 38.848 GC heap after
Heap after GC invocations=16 (full 2):
 PSYoungGen      total 1155072K, used 91618K [0x000000076cd80000, 0x00000007c0000000, 0x00000007c0000000)
  eden space 1063424K, 0% used [0x000000076cd80000,0x000000076cd80000,0x00000007adc00000)
  from space 91648K, 99% used [0x00000007b9200000,0x00000007beb78898,0x00000007beb80000)
  to   space 149504K, 0% used [0x00000007adc00000,0x00000007adc00000,0x00000007b6e00000)
 ParOldGen       total 591360K, used 369888K [0x00000006c6800000, 0x00000006ea980000, 0x000000076cd80000)
  object space 591360K, 62% used [0x00000006c6800000,0x00000006dd1381f0,0x00000006ea980000)
 Metaspace       used 4096K, capacity 4804K, committed 4864K, reserved 1056768K
  class space    used 429K, capacity 470K, committed 512K, reserved 1048576K
}

